<?xml version="1.0" encoding="UTF-8"?>
<testsuite xmlns:xsi="http://www.w3.org/2001/XMLSchema-instance" xsi:noNamespaceSchemaLocation="https://maven.apache.org/surefire/maven-surefire-plugin/xsd/surefire-test-report.xsd" name="org.openhab.binding.zwave.internal.protocol.serialmessage.SetSucNodeMessageClassTest" time="0" tests="1" errors="0" skipped="0" failures="0">
  <properties>
    <property name="sun.desktop" value="windows"/>
    <property name="awt.toolkit" value="sun.awt.windows.WToolkit"/>
    <property name="file.encoding.pkg" value="sun.io"/>
    <property name="java.specification.version" value="1.8"/>
    <property name="sun.cpu.isalist" value="amd64"/>
    <property name="sun.jnu.encoding" value="Cp1252"/>
    <property name="java.class.path" value="C:\Users\isaacash\Documents\personal\zwave\org.openhab.binding.zwave\target\test-classes;C:\Users\isaacash\Documents\personal\zwave\org.openhab.binding.zwave\target\classes;C:\Users\isaacash\.m2\repository\org\osgi\osgi.core\6.0.0\osgi.core-6.0.0.jar;C:\Users\isaacash\.m2\repository\org\osgi\osgi.cmpn\7.0.0\osgi.cmpn-7.0.0.jar;C:\Users\isaacash\.m2\repository\org\osgi\osgi.annotation\7.0.0\osgi.annotation-7.0.0.jar;C:\Users\isaacash\.m2\repository\org\slf4j\slf4j-api\1.7.21\slf4j-api-1.7.21.jar;C:\Users\isaacash\.m2\repository\org\eclipse\jdt\org.eclipse.jdt.annotation\2.2.100\org.eclipse.jdt.annotation-2.2.100.jar;C:\Users\isaacash\.m2\repository\javax\annotation\javax.annotation-api\1.2\javax.annotation-api-1.2.jar;C:\Users\isaacash\.m2\repository\commons-collections\commons-collections\3.2.1\commons-collections-3.2.1.jar;C:\Users\isaacash\.m2\repository\org\apache\commons\commons-exec\1.1\commons-exec-1.1.jar;C:\Users\isaacash\.m2\repository\org\apache\servicemix\bundles\org.apache.servicemix.bundles.commons-httpclient\3.1_7\org.apache.servicemix.bundles.commons-httpclient-3.1_7.jar;C:\Users\isaacash\.m2\repository\commons-logging\commons-logging\1.0.4\commons-logging-1.0.4.jar;C:\Users\isaacash\.m2\repository\org\apache\servicemix\bundles\org.apache.servicemix.bundles.commons-codec\1.3_2\org.apache.servicemix.bundles.commons-codec-1.3_2.jar;C:\Users\isaacash\.m2\repository\commons-io\commons-io\2.2\commons-io-2.2.jar;C:\Users\isaacash\.m2\repository\commons-lang\commons-lang\2.6\commons-lang-2.6.jar;C:\Users\isaacash\.m2\repository\org\eclipse\californium\californium-core\2.0.0\californium-core-2.0.0.jar;C:\Users\isaacash\.m2\repository\org\eclipse\californium\scandium\2.0.0\scandium-2.0.0.jar;C:\Users\isaacash\.m2\repository\org\eclipse\californium\element-connector\2.0.0\element-connector-2.0.0.jar;C:\Users\isaacash\.m2\repository\com\eclipsesource\jaxrs\publisher\5.3.1\publisher-5.3.1.jar;C:\Users\isaacash\.m2\repository\com\eclipsesource\jaxrs\jersey-all\2.22.2\jersey-all-2.22.2.jar;C:\Users\isaacash\.m2\repository\org\eclipse\orbit\bundles\com.google.gson\2.8.2.v20180104-1110\com.google.gson-2.8.2.v20180104-1110.jar;C:\Users\isaacash\.m2\repository\com\igormaznitsa\jbbp\1.4.1\jbbp-1.4.1.jar;C:\Users\isaacash\.m2\repository\org\codehaus\jackson\jackson-core-asl\1.9.2\jackson-core-asl-1.9.2.jar;C:\Users\isaacash\.m2\repository\org\codehaus\jackson\jackson-mapper-asl\1.9.2\jackson-mapper-asl-1.9.2.jar;C:\Users\isaacash\.m2\repository\org\eclipse\jetty\jetty-client\9.3.25.v20180904\jetty-client-9.3.25.v20180904.jar;C:\Users\isaacash\.m2\repository\org\eclipse\jetty\jetty-http\9.3.25.v20180904\jetty-http-9.3.25.v20180904.jar;C:\Users\isaacash\.m2\repository\org\eclipse\jetty\jetty-io\9.3.25.v20180904\jetty-io-9.3.25.v20180904.jar;C:\Users\isaacash\.m2\repository\org\eclipse\jetty\jetty-proxy\9.3.25.v20180904\jetty-proxy-9.3.25.v20180904.jar;C:\Users\isaacash\.m2\repository\org\eclipse\jetty\jetty-util\9.3.25.v20180904\jetty-util-9.3.25.v20180904.jar;C:\Users\isaacash\.m2\repository\org\eclipse\jetty\jetty-server\9.3.25.v20180904\jetty-server-9.3.25.v20180904.jar;C:\Users\isaacash\.m2\repository\org\eclipse\jetty\jetty-servlet\9.3.25.v20180904\jetty-servlet-9.3.25.v20180904.jar;C:\Users\isaacash\.m2\repository\org\eclipse\jetty\jetty-security\9.3.25.v20180904\jetty-security-9.3.25.v20180904.jar;C:\Users\isaacash\.m2\repository\org\eclipse\jetty\websocket\websocket-client\9.3.25.v20180904\websocket-client-9.3.25.v20180904.jar;C:\Users\isaacash\.m2\repository\org\eclipse\jetty\websocket\websocket-common\9.3.25.v20180904\websocket-common-9.3.25.v20180904.jar;C:\Users\isaacash\.m2\repository\org\eclipse\jetty\websocket\websocket-api\9.3.25.v20180904\websocket-api-9.3.25.v20180904.jar;C:\Users\isaacash\.m2\repository\org\jmdns\jmdns\3.5.5\jmdns-3.5.5.jar;C:\Users\isaacash\.m2\repository\joda-time\joda-time\2.9.2\joda-time-2.9.2.jar;C:\Users\isaacash\.m2\repository\org\jupnp\org.jupnp\2.5.2\org.jupnp-2.5.2.jar;C:\Users\isaacash\.m2\repository\org\mapdb\mapdb\1.0.9\mapdb-1.0.9.jar;C:\Users\isaacash\.m2\repository\javax\measure\unit-api\1.0\unit-api-1.0.jar;C:\Users\isaacash\.m2\repository\tec\uom\uom-se\1.0.10\uom-se-1.0.10.jar;C:\Users\isaacash\.m2\repository\tec\uom\lib\uom-lib-common\1.0.3\uom-lib-common-1.0.3.jar;C:\Users\isaacash\.m2\repository\com\hivemq\hivemq-mqtt-client\1.1.2\hivemq-mqtt-client-1.1.2.jar;C:\Users\isaacash\.m2\repository\io\reactivex\rxjava2\rxjava\2.2.5\rxjava-2.2.5.jar;C:\Users\isaacash\.m2\repository\org\reactivestreams\reactive-streams\1.0.2\reactive-streams-1.0.2.jar;C:\Users\isaacash\.m2\repository\io\netty\netty-handler\4.1.32.Final\netty-handler-4.1.32.Final.jar;C:\Users\isaacash\.m2\repository\io\netty\netty-buffer\4.1.32.Final\netty-buffer-4.1.32.Final.jar;C:\Users\isaacash\.m2\repository\io\netty\netty-transport\4.1.32.Final\netty-transport-4.1.32.Final.jar;C:\Users\isaacash\.m2\repository\io\netty\netty-resolver\4.1.32.Final\netty-resolver-4.1.32.Final.jar;C:\Users\isaacash\.m2\repository\io\netty\netty-codec\4.1.32.Final\netty-codec-4.1.32.Final.jar;C:\Users\isaacash\.m2\repository\io\netty\netty-codec-http\4.1.32.Final\netty-codec-http-4.1.32.Final.jar;C:\Users\isaacash\.m2\repository\io\netty\netty-transport-native-epoll\4.1.32.Final\netty-transport-native-epoll-4.1.32.Final-linux-x86_64.jar;C:\Users\isaacash\.m2\repository\io\netty\netty-common\4.1.32.Final\netty-common-4.1.32.Final.jar;C:\Users\isaacash\.m2\repository\io\netty\netty-transport-native-unix-common\4.1.32.Final\netty-transport-native-unix-common-4.1.32.Final.jar;C:\Users\isaacash\.m2\repository\org\jctools\jctools-core\2.1.2\jctools-core-2.1.2.jar;C:\Users\isaacash\.m2\repository\org\jetbrains\annotations\16.0.3\annotations-16.0.3.jar;C:\Users\isaacash\.m2\repository\com\google\dagger\dagger\2.20\dagger-2.20.jar;C:\Users\isaacash\.m2\repository\javax\inject\javax.inject\1\javax.inject-1.jar;C:\Users\isaacash\.m2\repository\org\quartz-scheduler\quartz\2.2.1\quartz-2.2.1.jar;C:\Users\isaacash\.m2\repository\c3p0\c3p0\0.9.1.1\c3p0-0.9.1.1.jar;C:\Users\isaacash\.m2\repository\org\quartz-scheduler\quartz-jobs\2.2.1\quartz-jobs-2.2.1.jar;C:\Users\isaacash\.m2\repository\org\vesalainen\comm\javaxcomm\1.0.1\javaxcomm-1.0.1.jar;C:\Users\isaacash\.m2\repository\org\vesalainen\comm\1.0.2\comm-1.0.2.jar;C:\Users\isaacash\.m2\repository\org\vesalainen\dev\1.0.0\dev-1.0.0.jar;C:\Users\isaacash\.m2\repository\org\vesalainen\util\1.0.5\util-1.0.5.jar;C:\Users\isaacash\.m2\repository\com\googlecode\efficient-java-matrix-library\equation\0.26\equation-0.26.jar;C:\Users\isaacash\.m2\repository\com\googlecode\efficient-java-matrix-library\core\0.26\core-0.26.jar;C:\Users\isaacash\.m2\repository\log4j\log4j\1.2.17\log4j-1.2.17.jar;C:\Users\isaacash\.m2\repository\com\neuronrobotics\nrjavaserial\3.14.0\nrjavaserial-3.14.0.jar;C:\Users\isaacash\.m2\repository\commons-net\commons-net\3.3\commons-net-3.3.jar;C:\Users\isaacash\.m2\repository\javax\servlet\javax.servlet-api\3.1.0\javax.servlet-api-3.1.0.jar;C:\Users\isaacash\.m2\repository\io\swagger\swagger-annotations\1.5.5\swagger-annotations-1.5.5.jar;C:\Users\isaacash\.m2\repository\javax\ws\rs\javax.ws.rs-api\2.0.1\javax.ws.rs-api-2.0.1.jar;C:\Users\isaacash\.m2\repository\org\apache\servicemix\bundles\org.apache.servicemix.bundles.xstream\1.4.7_1\org.apache.servicemix.bundles.xstream-1.4.7_1.jar;C:\Users\isaacash\.m2\repository\xmlpull\xmlpull\1.1.3.1\xmlpull-1.1.3.1.jar;C:\Users\isaacash\.m2\repository\xpp3\xpp3_min\1.1.4c\xpp3_min-1.1.4c.jar;C:\Users\isaacash\.m2\repository\de\jollyday\jollyday\0.5.8\jollyday-0.5.8.jar;C:\Users\isaacash\.m2\repository\org\threeten\threeten-extra\1.4\threeten-extra-1.4.jar;C:\Users\isaacash\.m2\repository\org\apache\servicemix\specs\org.apache.servicemix.specs.activation-api-1.1\2.9.0\org.apache.servicemix.specs.activation-api-1.1-2.9.0.jar;C:\Users\isaacash\.m2\repository\org\apache\servicemix\specs\org.apache.servicemix.specs.jaxb-api-2.2\2.9.0\org.apache.servicemix.specs.jaxb-api-2.2-2.9.0.jar;C:\Users\isaacash\.m2\repository\org\apache\servicemix\specs\org.apache.servicemix.specs.stax-api-1.0\2.9.0\org.apache.servicemix.specs.stax-api-1.0-2.9.0.jar;C:\Users\isaacash\.m2\repository\org\apache\geronimo\specs\geronimo-stax-api_1.0_spec\1.0.1\geronimo-stax-api_1.0_spec-1.0.1.jar;C:\Users\isaacash\.m2\repository\org\apache\geronimo\specs\geronimo-activation_1.1_spec\1.1\geronimo-activation_1.1_spec-1.1.jar;C:\Users\isaacash\.m2\repository\org\apache\servicemix\bundles\org.apache.servicemix.bundles.jaxb-impl\2.2.11_1\org.apache.servicemix.bundles.jaxb-impl-2.2.11_1.jar;C:\Users\isaacash\.m2\repository\javax\xml\stream\stax-api\1.0-2\stax-api-1.0-2.jar;C:\Users\isaacash\.m2\repository\org\apache\servicemix\specs\org.apache.servicemix.specs.saaj-api-1.3\2.9.0\org.apache.servicemix.specs.saaj-api-1.3-2.9.0.jar;C:\Users\isaacash\.m2\repository\org\apache\servicemix\bundles\org.apache.servicemix.bundles.saaj-impl\1.3.23_2\org.apache.servicemix.bundles.saaj-impl-1.3.23_2.jar;C:\Users\isaacash\.m2\repository\org\jvnet\staxex\stax-ex\1.7.4\stax-ex-1.7.4.jar;C:\Users\isaacash\.m2\repository\javax\activation\activation\1.1\activation-1.1.jar;C:\Users\isaacash\.m2\repository\javax\xml\soap\javax.xml.soap-api\1.3.5\javax.xml.soap-api-1.3.5.jar;C:\Users\isaacash\.m2\repository\org\jvnet\mimepull\mimepull\1.9\mimepull-1.9.jar;C:\Users\isaacash\.m2\repository\org\openhab\core\bundles\org.openhab.core.test\2.5.0\org.openhab.core.test-2.5.0.jar;C:\Users\isaacash\.m2\repository\org\openhab\core\bundles\org.openhab.core.test.magic\2.5.0\org.openhab.core.test.magic-2.5.0.jar;C:\Users\isaacash\.m2\repository\org\openhab\core\bundles\org.openhab.core\2.5.0\org.openhab.core-2.5.0.jar;C:\Users\isaacash\.m2\repository\org\openhab\core\bundles\org.openhab.core.boot\2.5.0\org.openhab.core.boot-2.5.0.jar;C:\Users\isaacash\.m2\repository\org\openhab\core\bundles\org.openhab.core.compat1x\2.5.0\org.openhab.core.compat1x-2.5.0.jar;C:\Users\isaacash\.m2\repository\org\openhab\core\bundles\org.openhab.core.karaf\2.5.0\org.openhab.core.karaf-2.5.0.jar;C:\Users\isaacash\.m2\repository\org\openhab\core\bundles\org.openhab.core.thing\2.5.0\org.openhab.core.thing-2.5.0.jar;C:\Users\isaacash\.m2\repository\org\openhab\core\bundles\org.openhab.core.audio\2.5.0\org.openhab.core.audio-2.5.0.jar;C:\Users\isaacash\.m2\repository\org\openhab\core\bundles\org.openhab.core.ephemeris\2.5.0\org.openhab.core.ephemeris-2.5.0.jar;C:\Users\isaacash\.m2\repository\org\openhab\core\bundles\org.openhab.core.voice\2.5.0\org.openhab.core.voice-2.5.0.jar;C:\Users\isaacash\.m2\repository\org\openhab\core\bundles\org.openhab.core.binding.xml\2.5.0\org.openhab.core.binding.xml-2.5.0.jar;C:\Users\isaacash\.m2\repository\org\openhab\core\bundles\org.openhab.core.extension.sample\2.5.0\org.openhab.core.extension.sample-2.5.0.jar;C:\Users\isaacash\.m2\repository\org\openhab\core\bundles\org.openhab.core.id\2.5.0\org.openhab.core.id-2.5.0.jar;C:\Users\isaacash\.m2\repository\org\openhab\core\bundles\org.openhab.core.persistence\2.5.0\org.openhab.core.persistence-2.5.0.jar;C:\Users\isaacash\.m2\repository\org\openhab\core\bundles\org.openhab.core.scheduler\2.5.0\org.openhab.core.scheduler-2.5.0.jar;C:\Users\isaacash\.m2\repository\org\openhab\core\bundles\org.openhab.core.semantics\2.5.0\org.openhab.core.semantics-2.5.0.jar;C:\Users\isaacash\.m2\repository\org\openhab\core\bundles\org.openhab.core.thing.xml\2.5.0\org.openhab.core.thing.xml-2.5.0.jar;C:\Users\isaacash\.m2\repository\org\openhab\core\bundles\org.openhab.core.transform\2.5.0\org.openhab.core.transform-2.5.0.jar;C:\Users\isaacash\.m2\repository\org\openhab\core\bundles\org.openhab.core.auth.jaas\2.5.0\org.openhab.core.auth.jaas-2.5.0.jar;C:\Users\isaacash\.m2\repository\org\openhab\core\bundles\org.openhab.core.auth.oauth2client\2.5.0\org.openhab.core.auth.oauth2client-2.5.0.jar;C:\Users\isaacash\.m2\repository\org\openhab\core\bundles\org.openhab.core.io.net\2.5.0\org.openhab.core.io.net-2.5.0.jar;C:\Users\isaacash\.m2\repository\org\openhab\core\bundles\org.openhab.core.io.bin2json\2.5.0\org.openhab.core.io.bin2json-2.5.0.jar;C:\Users\isaacash\.m2\repository\org\openhab\core\bundles\org.openhab.core.io.console\2.5.0\org.openhab.core.io.console-2.5.0.jar;C:\Users\isaacash\.m2\repository\org\openhab\core\bundles\org.openhab.core.io.http\2.5.0\org.openhab.core.io.http-2.5.0.jar;C:\Users\isaacash\.m2\repository\org\openhab\core\bundles\org.openhab.core.io.rest\2.5.0\org.openhab.core.io.rest-2.5.0.jar;C:\Users\isaacash\.m2\repository\org\openhab\core\bundles\org.openhab.core.io.transport.mdns\2.5.0\org.openhab.core.io.transport.mdns-2.5.0.jar;C:\Users\isaacash\.m2\repository\org\openhab\core\bundles\org.openhab.core.io.transport.serial\2.5.0\org.openhab.core.io.transport.serial-2.5.0.jar;C:\Users\isaacash\.m2\repository\org\openhab\core\bundles\org.openhab.core.io.console.eclipse\2.5.0\org.openhab.core.io.console.eclipse-2.5.0.jar;C:\Users\isaacash\.m2\repository\org\openhab\core\bundles\org.openhab.core.io.console.rfc147\2.5.0\org.openhab.core.io.console.rfc147-2.5.0.jar;C:\Users\isaacash\.m2\repository\org\openhab\core\bundles\org.openhab.core.io.console.karaf\2.5.0\org.openhab.core.io.console.karaf-2.5.0.jar;C:\Users\isaacash\.m2\repository\org\openhab\core\bundles\org.openhab.core.io.http.auth\2.5.0\org.openhab.core.io.http.auth-2.5.0.jar;C:\Users\isaacash\.m2\repository\org\openhab\core\bundles\org.openhab.core.io.http.auth.basic\2.5.0\org.openhab.core.io.http.auth.basic-2.5.0.jar;C:\Users\isaacash\.m2\repository\org\openhab\core\bundles\org.openhab.core.io.monitor\2.5.0\org.openhab.core.io.monitor-2.5.0.jar;C:\Users\isaacash\.m2\repository\org\openhab\core\bundles\org.openhab.core.io.rest.audio\2.5.0\org.openhab.core.io.rest.audio-2.5.0.jar;C:\Users\isaacash\.m2\repository\org\openhab\core\bundles\org.openhab.core.io.rest.auth\2.5.0\org.openhab.core.io.rest.auth-2.5.0.jar;C:\Users\isaacash\.m2\repository\org\openhab\core\bundles\org.openhab.core.io.rest.core\2.5.0\org.openhab.core.io.rest.core-2.5.0.jar;C:\Users\isaacash\.m2\repository\org\openhab\core\bundles\org.openhab.core.io.rest.log\2.5.0\org.openhab.core.io.rest.log-2.5.0.jar;C:\Users\isaacash\.m2\repository\org\openhab\core\bundles\org.openhab.core.io.rest.mdns\2.5.0\org.openhab.core.io.rest.mdns-2.5.0.jar;C:\Users\isaacash\.m2\repository\org\openhab\core\bundles\org.openhab.core.io.rest.optimize\2.5.0\org.openhab.core.io.rest.optimize-2.5.0.jar;C:\Users\isaacash\.m2\repository\org\openhab\core\bundles\org.openhab.core.io.rest.sitemap\2.5.0\org.openhab.core.io.rest.sitemap-2.5.0.jar;C:\Users\isaacash\.m2\repository\org\openhab\core\bundles\org.openhab.core.io.rest.sse\2.5.0\org.openhab.core.io.rest.sse-2.5.0.jar;C:\Users\isaacash\.m2\repository\org\openhab\core\bundles\org.openhab.core.io.rest.voice\2.5.0\org.openhab.core.io.rest.voice-2.5.0.jar;C:\Users\isaacash\.m2\repository\org\openhab\core\bundles\org.openhab.core.io.transport.dbus\2.5.0\org.openhab.core.io.transport.dbus-2.5.0.jar;C:\Users\isaacash\.m2\repository\org\openhab\core\bundles\org.openhab.core.io.transport.mqtt\2.5.0\org.openhab.core.io.transport.mqtt-2.5.0.jar;C:\Users\isaacash\.m2\repository\org\openhab\core\bundles\org.openhab.core.io.transport.serial.javacomm\2.5.0\org.openhab.core.io.transport.serial.javacomm-2.5.0.jar;C:\Users\isaacash\.m2\repository\org\openhab\core\bundles\org.openhab.core.io.transport.serial.rxtx\2.5.0\org.openhab.core.io.transport.serial.rxtx-2.5.0.jar;C:\Users\isaacash\.m2\repository\org\openhab\core\bundles\org.openhab.core.io.transport.serial.rxtx.rfc2217\2.5.0\org.openhab.core.io.transport.serial.rxtx.rfc2217-2.5.0.jar;C:\Users\isaacash\.m2\repository\org\openhab\core\bundles\org.openhab.core.io.transport.upnp\2.5.0\org.openhab.core.io.transport.upnp-2.5.0.jar;C:\Users\isaacash\.m2\repository\org\openhab\core\bundles\org.openhab.core.io.jetty.certificate\2.5.0\org.openhab.core.io.jetty.certificate-2.5.0.jar;C:\Users\isaacash\.m2\repository\org\bouncycastle\bcpkix-jdk15on\1.52\bcpkix-jdk15on-1.52.jar;C:\Users\isaacash\.m2\repository\org\bouncycastle\bcprov-jdk15on\1.52\bcprov-jdk15on-1.52.jar;C:\Users\isaacash\.m2\repository\org\openhab\core\bundles\org.openhab.core.config.core\2.5.0\org.openhab.core.config.core-2.5.0.jar;C:\Users\isaacash\.m2\repository\org\openhab\core\bundles\org.openhab.core.config.discovery\2.5.0\org.openhab.core.config.discovery-2.5.0.jar;C:\Users\isaacash\.m2\repository\org\openhab\core\bundles\org.openhab.core.config.discovery.mdns\2.5.0\org.openhab.core.config.discovery.mdns-2.5.0.jar;C:\Users\isaacash\.m2\repository\org\openhab\core\bundles\org.openhab.core.config.discovery.usbserial\2.5.0\org.openhab.core.config.discovery.usbserial-2.5.0.jar;C:\Users\isaacash\.m2\repository\org\openhab\core\bundles\org.openhab.core.config.discovery.usbserial.linuxsysfs\2.5.0\org.openhab.core.config.discovery.usbserial.linuxsysfs-2.5.0.jar;C:\Users\isaacash\.m2\repository\org\openhab\core\bundles\org.openhab.core.config.discovery.upnp\2.5.0\org.openhab.core.config.discovery.upnp-2.5.0.jar;C:\Users\isaacash\.m2\repository\org\openhab\core\bundles\org.openhab.core.config.dispatch\2.5.0\org.openhab.core.config.dispatch-2.5.0.jar;C:\Users\isaacash\.m2\repository\org\openhab\core\bundles\org.openhab.core.config.serial\2.5.0\org.openhab.core.config.serial-2.5.0.jar;C:\Users\isaacash\.m2\repository\org\openhab\core\bundles\org.openhab.core.config.xml\2.5.0\org.openhab.core.config.xml-2.5.0.jar;C:\Users\isaacash\.m2\repository\org\openhab\core\bundles\org.openhab.core.automation\2.5.0\org.openhab.core.automation-2.5.0.jar;C:\Users\isaacash\.m2\repository\org\openhab\core\bundles\org.openhab.core.automation.module.script\2.5.0\org.openhab.core.automation.module.script-2.5.0.jar;C:\Users\isaacash\.m2\repository\org\openhab\core\bundles\org.openhab.core.automation.module.media\2.5.0\org.openhab.core.automation.module.media-2.5.0.jar;C:\Users\isaacash\.m2\repository\org\openhab\core\bundles\org.openhab.core.automation.module.script.rulesupport\2.5.0\org.openhab.core.automation.module.script.rulesupport-2.5.0.jar;C:\Users\isaacash\.m2\repository\org\openhab\core\bundles\org.openhab.core.automation.rest\2.5.0\org.openhab.core.automation.rest-2.5.0.jar;C:\Users\isaacash\.m2\repository\org\openhab\core\bundles\org.openhab.core.model.core\2.5.0\org.openhab.core.model.core-2.5.0.jar;C:\Users\isaacash\.m2\repository\org\openhab\core\bundles\org.openhab.core.model.sitemap\2.5.0\org.openhab.core.model.sitemap-2.5.0.jar;C:\Users\isaacash\.m2\repository\org\openhab\core\bundles\org.openhab.core.model.item\2.5.0\org.openhab.core.model.item-2.5.0.jar;C:\Users\isaacash\.m2\repository\org\openhab\core\bundles\org.openhab.core.model.item.ide\2.5.0\org.openhab.core.model.item.ide-2.5.0.jar;C:\Users\isaacash\.m2\repository\org\openhab\core\bundles\org.openhab.core.model.item.runtime\2.5.0\org.openhab.core.model.item.runtime-2.5.0.jar;C:\Users\isaacash\.m2\repository\org\openhab\core\bundles\org.openhab.core.model.persistence\2.5.0\org.openhab.core.model.persistence-2.5.0.jar;C:\Users\isaacash\.m2\repository\org\openhab\core\bundles\org.openhab.core.model.persistence.ide\2.5.0\org.openhab.core.model.persistence.ide-2.5.0.jar;C:\Users\isaacash\.m2\repository\org\openhab\core\bundles\org.openhab.core.model.script\2.5.0\org.openhab.core.model.script-2.5.0.jar;C:\Users\isaacash\.m2\repository\org\openhab\core\bundles\org.openhab.core.model.rule\2.5.0\org.openhab.core.model.rule-2.5.0.jar;C:\Users\isaacash\.m2\repository\org\openhab\core\bundles\org.openhab.core.model.rule.ide\2.5.0\org.openhab.core.model.rule.ide-2.5.0.jar;C:\Users\isaacash\.m2\repository\org\openhab\core\bundles\org.openhab.core.model.script.ide\2.5.0\org.openhab.core.model.script.ide-2.5.0.jar;C:\Users\isaacash\.m2\repository\org\openhab\core\bundles\org.openhab.core.model.sitemap.ide\2.5.0\org.openhab.core.model.sitemap.ide-2.5.0.jar;C:\Users\isaacash\.m2\repository\org\openhab\core\bundles\org.openhab.core.model.thing\2.5.0\org.openhab.core.model.thing-2.5.0.jar;C:\Users\isaacash\.m2\repository\org\openhab\core\bundles\org.openhab.core.model.thing.ide\2.5.0\org.openhab.core.model.thing.ide-2.5.0.jar;C:\Users\isaacash\.m2\repository\org\openhab\core\bundles\org.openhab.core.model.lsp\2.5.0\org.openhab.core.model.lsp-2.5.0.jar;C:\Users\isaacash\.m2\repository\org\openhab\core\bundles\org.openhab.core.model.persistence.runtime\2.5.0\org.openhab.core.model.persistence.runtime-2.5.0.jar;C:\Users\isaacash\.m2\repository\org\openhab\core\bundles\org.openhab.core.model.rule.runtime\2.5.0\org.openhab.core.model.rule.runtime-2.5.0.jar;C:\Users\isaacash\.m2\repository\org\openhab\core\bundles\org.openhab.core.model.script.runtime\2.5.0\org.openhab.core.model.script.runtime-2.5.0.jar;C:\Users\isaacash\.m2\repository\org\openhab\core\bundles\org.openhab.core.model.sitemap.runtime\2.5.0\org.openhab.core.model.sitemap.runtime-2.5.0.jar;C:\Users\isaacash\.m2\repository\org\openhab\core\bundles\org.openhab.core.model.thing.runtime\2.5.0\org.openhab.core.model.thing.runtime-2.5.0.jar;C:\Users\isaacash\.m2\repository\org\openhab\core\bundles\org.openhab.core.ui\2.5.0\org.openhab.core.ui-2.5.0.jar;C:\Users\isaacash\.m2\repository\org\knowm\xchart\xchart\2.6.1\xchart-2.6.1.jar;C:\Users\isaacash\.m2\repository\de\erichseifert\vectorgraphics2d\VectorGraphics2D\0.9.3\VectorGraphics2D-0.9.3.jar;C:\Users\isaacash\.m2\repository\org\openhab\core\bundles\org.openhab.core.ui.icon\2.5.0\org.openhab.core.ui.icon-2.5.0.jar;C:\Users\isaacash\.m2\repository\org\openhab\core\bundles\org.openhab.core.storage.json\2.5.0\org.openhab.core.storage.json-2.5.0.jar;C:\Users\isaacash\.m2\repository\org\openhab\core\bundles\org.openhab.core.storage.mapdb\2.5.0\org.openhab.core.storage.mapdb-2.5.0.jar;C:\Users\isaacash\.m2\repository\junit\junit\4.12\junit-4.12.jar;C:\Users\isaacash\.m2\repository\org\hamcrest\hamcrest-core\1.3\hamcrest-core-1.3.jar;C:\Users\isaacash\.m2\repository\org\osgi\osgi.enroute.hamcrest.wrapper\1.3.0\osgi.enroute.hamcrest.wrapper-1.3.0.jar;C:\Users\isaacash\.m2\repository\org\mockito\mockito-core\3.1.0\mockito-core-3.1.0.jar;C:\Users\isaacash\.m2\repository\net\bytebuddy\byte-buddy\1.9.10\byte-buddy-1.9.10.jar;C:\Users\isaacash\.m2\repository\net\bytebuddy\byte-buddy-agent\1.9.10\byte-buddy-agent-1.9.10.jar;C:\Users\isaacash\.m2\repository\org\objenesis\objenesis\2.6\objenesis-2.6.jar;C:\Users\isaacash\.m2\repository\org\slf4j\slf4j-simple\1.7.21\slf4j-simple-1.7.21.jar;C:\Users\isaacash\.m2\repository\com\jayway\jsonpath\json-path\2.4.0\json-path-2.4.0.jar;C:\Users\isaacash\.m2\repository\net\minidev\json-smart\2.3\json-smart-2.3.jar;C:\Users\isaacash\.m2\repository\net\minidev\accessors-smart\1.2\accessors-smart-1.2.jar;C:\Users\isaacash\.m2\repository\org\ow2\asm\asm\5.0.4\asm-5.0.4.jar;"/>
    <property name="java.vm.vendor" value="Oracle Corporation"/>
    <property name="sun.arch.data.model" value="64"/>
    <property name="user.variant" value=""/>
    <property name="java.vendor.url" value="http://java.oracle.com/"/>
    <property name="user.timezone" value="Europe/London"/>
    <property name="java.vm.specification.version" value="1.8"/>
    <property name="os.name" value="Windows 10"/>
    <property name="user.country" value="GB"/>
    <property name="sun.java.launcher" value="SUN_STANDARD"/>
    <property name="sun.boot.library.path" value="C:\Program Files\Java\jre1.8.0_60\bin"/>
    <property name="sun.java.command" value="C:\Users\isaacash\AppData\Local\Temp\surefire6222181340065416848\surefirebooter6176691093195212675.jar C:\Users\isaacash\AppData\Local\Temp\surefire6222181340065416848 2020-01-21T15-31-12_244-jvmRun1 surefire9160152210829520527tmp surefire_08838236985576568682tmp"/>
    <property name="surefire.test.class.path" value="C:\Users\isaacash\Documents\personal\zwave\org.openhab.binding.zwave\target\test-classes;C:\Users\isaacash\Documents\personal\zwave\org.openhab.binding.zwave\target\classes;C:\Users\isaacash\.m2\repository\org\osgi\osgi.core\6.0.0\osgi.core-6.0.0.jar;C:\Users\isaacash\.m2\repository\org\osgi\osgi.cmpn\7.0.0\osgi.cmpn-7.0.0.jar;C:\Users\isaacash\.m2\repository\org\osgi\osgi.annotation\7.0.0\osgi.annotation-7.0.0.jar;C:\Users\isaacash\.m2\repository\org\slf4j\slf4j-api\1.7.21\slf4j-api-1.7.21.jar;C:\Users\isaacash\.m2\repository\org\eclipse\jdt\org.eclipse.jdt.annotation\2.2.100\org.eclipse.jdt.annotation-2.2.100.jar;C:\Users\isaacash\.m2\repository\javax\annotation\javax.annotation-api\1.2\javax.annotation-api-1.2.jar;C:\Users\isaacash\.m2\repository\commons-collections\commons-collections\3.2.1\commons-collections-3.2.1.jar;C:\Users\isaacash\.m2\repository\org\apache\commons\commons-exec\1.1\commons-exec-1.1.jar;C:\Users\isaacash\.m2\repository\org\apache\servicemix\bundles\org.apache.servicemix.bundles.commons-httpclient\3.1_7\org.apache.servicemix.bundles.commons-httpclient-3.1_7.jar;C:\Users\isaacash\.m2\repository\commons-logging\commons-logging\1.0.4\commons-logging-1.0.4.jar;C:\Users\isaacash\.m2\repository\org\apache\servicemix\bundles\org.apache.servicemix.bundles.commons-codec\1.3_2\org.apache.servicemix.bundles.commons-codec-1.3_2.jar;C:\Users\isaacash\.m2\repository\commons-io\commons-io\2.2\commons-io-2.2.jar;C:\Users\isaacash\.m2\repository\commons-lang\commons-lang\2.6\commons-lang-2.6.jar;C:\Users\isaacash\.m2\repository\org\eclipse\californium\californium-core\2.0.0\californium-core-2.0.0.jar;C:\Users\isaacash\.m2\repository\org\eclipse\californium\scandium\2.0.0\scandium-2.0.0.jar;C:\Users\isaacash\.m2\repository\org\eclipse\californium\element-connector\2.0.0\element-connector-2.0.0.jar;C:\Users\isaacash\.m2\repository\com\eclipsesource\jaxrs\publisher\5.3.1\publisher-5.3.1.jar;C:\Users\isaacash\.m2\repository\com\eclipsesource\jaxrs\jersey-all\2.22.2\jersey-all-2.22.2.jar;C:\Users\isaacash\.m2\repository\org\eclipse\orbit\bundles\com.google.gson\2.8.2.v20180104-1110\com.google.gson-2.8.2.v20180104-1110.jar;C:\Users\isaacash\.m2\repository\com\igormaznitsa\jbbp\1.4.1\jbbp-1.4.1.jar;C:\Users\isaacash\.m2\repository\org\codehaus\jackson\jackson-core-asl\1.9.2\jackson-core-asl-1.9.2.jar;C:\Users\isaacash\.m2\repository\org\codehaus\jackson\jackson-mapper-asl\1.9.2\jackson-mapper-asl-1.9.2.jar;C:\Users\isaacash\.m2\repository\org\eclipse\jetty\jetty-client\9.3.25.v20180904\jetty-client-9.3.25.v20180904.jar;C:\Users\isaacash\.m2\repository\org\eclipse\jetty\jetty-http\9.3.25.v20180904\jetty-http-9.3.25.v20180904.jar;C:\Users\isaacash\.m2\repository\org\eclipse\jetty\jetty-io\9.3.25.v20180904\jetty-io-9.3.25.v20180904.jar;C:\Users\isaacash\.m2\repository\org\eclipse\jetty\jetty-proxy\9.3.25.v20180904\jetty-proxy-9.3.25.v20180904.jar;C:\Users\isaacash\.m2\repository\org\eclipse\jetty\jetty-util\9.3.25.v20180904\jetty-util-9.3.25.v20180904.jar;C:\Users\isaacash\.m2\repository\org\eclipse\jetty\jetty-server\9.3.25.v20180904\jetty-server-9.3.25.v20180904.jar;C:\Users\isaacash\.m2\repository\org\eclipse\jetty\jetty-servlet\9.3.25.v20180904\jetty-servlet-9.3.25.v20180904.jar;C:\Users\isaacash\.m2\repository\org\eclipse\jetty\jetty-security\9.3.25.v20180904\jetty-security-9.3.25.v20180904.jar;C:\Users\isaacash\.m2\repository\org\eclipse\jetty\websocket\websocket-client\9.3.25.v20180904\websocket-client-9.3.25.v20180904.jar;C:\Users\isaacash\.m2\repository\org\eclipse\jetty\websocket\websocket-common\9.3.25.v20180904\websocket-common-9.3.25.v20180904.jar;C:\Users\isaacash\.m2\repository\org\eclipse\jetty\websocket\websocket-api\9.3.25.v20180904\websocket-api-9.3.25.v20180904.jar;C:\Users\isaacash\.m2\repository\org\jmdns\jmdns\3.5.5\jmdns-3.5.5.jar;C:\Users\isaacash\.m2\repository\joda-time\joda-time\2.9.2\joda-time-2.9.2.jar;C:\Users\isaacash\.m2\repository\org\jupnp\org.jupnp\2.5.2\org.jupnp-2.5.2.jar;C:\Users\isaacash\.m2\repository\org\mapdb\mapdb\1.0.9\mapdb-1.0.9.jar;C:\Users\isaacash\.m2\repository\javax\measure\unit-api\1.0\unit-api-1.0.jar;C:\Users\isaacash\.m2\repository\tec\uom\uom-se\1.0.10\uom-se-1.0.10.jar;C:\Users\isaacash\.m2\repository\tec\uom\lib\uom-lib-common\1.0.3\uom-lib-common-1.0.3.jar;C:\Users\isaacash\.m2\repository\com\hivemq\hivemq-mqtt-client\1.1.2\hivemq-mqtt-client-1.1.2.jar;C:\Users\isaacash\.m2\repository\io\reactivex\rxjava2\rxjava\2.2.5\rxjava-2.2.5.jar;C:\Users\isaacash\.m2\repository\org\reactivestreams\reactive-streams\1.0.2\reactive-streams-1.0.2.jar;C:\Users\isaacash\.m2\repository\io\netty\netty-handler\4.1.32.Final\netty-handler-4.1.32.Final.jar;C:\Users\isaacash\.m2\repository\io\netty\netty-buffer\4.1.32.Final\netty-buffer-4.1.32.Final.jar;C:\Users\isaacash\.m2\repository\io\netty\netty-transport\4.1.32.Final\netty-transport-4.1.32.Final.jar;C:\Users\isaacash\.m2\repository\io\netty\netty-resolver\4.1.32.Final\netty-resolver-4.1.32.Final.jar;C:\Users\isaacash\.m2\repository\io\netty\netty-codec\4.1.32.Final\netty-codec-4.1.32.Final.jar;C:\Users\isaacash\.m2\repository\io\netty\netty-codec-http\4.1.32.Final\netty-codec-http-4.1.32.Final.jar;C:\Users\isaacash\.m2\repository\io\netty\netty-transport-native-epoll\4.1.32.Final\netty-transport-native-epoll-4.1.32.Final-linux-x86_64.jar;C:\Users\isaacash\.m2\repository\io\netty\netty-common\4.1.32.Final\netty-common-4.1.32.Final.jar;C:\Users\isaacash\.m2\repository\io\netty\netty-transport-native-unix-common\4.1.32.Final\netty-transport-native-unix-common-4.1.32.Final.jar;C:\Users\isaacash\.m2\repository\org\jctools\jctools-core\2.1.2\jctools-core-2.1.2.jar;C:\Users\isaacash\.m2\repository\org\jetbrains\annotations\16.0.3\annotations-16.0.3.jar;C:\Users\isaacash\.m2\repository\com\google\dagger\dagger\2.20\dagger-2.20.jar;C:\Users\isaacash\.m2\repository\javax\inject\javax.inject\1\javax.inject-1.jar;C:\Users\isaacash\.m2\repository\org\quartz-scheduler\quartz\2.2.1\quartz-2.2.1.jar;C:\Users\isaacash\.m2\repository\c3p0\c3p0\0.9.1.1\c3p0-0.9.1.1.jar;C:\Users\isaacash\.m2\repository\org\quartz-scheduler\quartz-jobs\2.2.1\quartz-jobs-2.2.1.jar;C:\Users\isaacash\.m2\repository\org\vesalainen\comm\javaxcomm\1.0.1\javaxcomm-1.0.1.jar;C:\Users\isaacash\.m2\repository\org\vesalainen\comm\1.0.2\comm-1.0.2.jar;C:\Users\isaacash\.m2\repository\org\vesalainen\dev\1.0.0\dev-1.0.0.jar;C:\Users\isaacash\.m2\repository\org\vesalainen\util\1.0.5\util-1.0.5.jar;C:\Users\isaacash\.m2\repository\com\googlecode\efficient-java-matrix-library\equation\0.26\equation-0.26.jar;C:\Users\isaacash\.m2\repository\com\googlecode\efficient-java-matrix-library\core\0.26\core-0.26.jar;C:\Users\isaacash\.m2\repository\log4j\log4j\1.2.17\log4j-1.2.17.jar;C:\Users\isaacash\.m2\repository\com\neuronrobotics\nrjavaserial\3.14.0\nrjavaserial-3.14.0.jar;C:\Users\isaacash\.m2\repository\commons-net\commons-net\3.3\commons-net-3.3.jar;C:\Users\isaacash\.m2\repository\javax\servlet\javax.servlet-api\3.1.0\javax.servlet-api-3.1.0.jar;C:\Users\isaacash\.m2\repository\io\swagger\swagger-annotations\1.5.5\swagger-annotations-1.5.5.jar;C:\Users\isaacash\.m2\repository\javax\ws\rs\javax.ws.rs-api\2.0.1\javax.ws.rs-api-2.0.1.jar;C:\Users\isaacash\.m2\repository\org\apache\servicemix\bundles\org.apache.servicemix.bundles.xstream\1.4.7_1\org.apache.servicemix.bundles.xstream-1.4.7_1.jar;C:\Users\isaacash\.m2\repository\xmlpull\xmlpull\1.1.3.1\xmlpull-1.1.3.1.jar;C:\Users\isaacash\.m2\repository\xpp3\xpp3_min\1.1.4c\xpp3_min-1.1.4c.jar;C:\Users\isaacash\.m2\repository\de\jollyday\jollyday\0.5.8\jollyday-0.5.8.jar;C:\Users\isaacash\.m2\repository\org\threeten\threeten-extra\1.4\threeten-extra-1.4.jar;C:\Users\isaacash\.m2\repository\org\apache\servicemix\specs\org.apache.servicemix.specs.activation-api-1.1\2.9.0\org.apache.servicemix.specs.activation-api-1.1-2.9.0.jar;C:\Users\isaacash\.m2\repository\org\apache\servicemix\specs\org.apache.servicemix.specs.jaxb-api-2.2\2.9.0\org.apache.servicemix.specs.jaxb-api-2.2-2.9.0.jar;C:\Users\isaacash\.m2\repository\org\apache\servicemix\specs\org.apache.servicemix.specs.stax-api-1.0\2.9.0\org.apache.servicemix.specs.stax-api-1.0-2.9.0.jar;C:\Users\isaacash\.m2\repository\org\apache\geronimo\specs\geronimo-stax-api_1.0_spec\1.0.1\geronimo-stax-api_1.0_spec-1.0.1.jar;C:\Users\isaacash\.m2\repository\org\apache\geronimo\specs\geronimo-activation_1.1_spec\1.1\geronimo-activation_1.1_spec-1.1.jar;C:\Users\isaacash\.m2\repository\org\apache\servicemix\bundles\org.apache.servicemix.bundles.jaxb-impl\2.2.11_1\org.apache.servicemix.bundles.jaxb-impl-2.2.11_1.jar;C:\Users\isaacash\.m2\repository\javax\xml\stream\stax-api\1.0-2\stax-api-1.0-2.jar;C:\Users\isaacash\.m2\repository\org\apache\servicemix\specs\org.apache.servicemix.specs.saaj-api-1.3\2.9.0\org.apache.servicemix.specs.saaj-api-1.3-2.9.0.jar;C:\Users\isaacash\.m2\repository\org\apache\servicemix\bundles\org.apache.servicemix.bundles.saaj-impl\1.3.23_2\org.apache.servicemix.bundles.saaj-impl-1.3.23_2.jar;C:\Users\isaacash\.m2\repository\org\jvnet\staxex\stax-ex\1.7.4\stax-ex-1.7.4.jar;C:\Users\isaacash\.m2\repository\javax\activation\activation\1.1\activation-1.1.jar;C:\Users\isaacash\.m2\repository\javax\xml\soap\javax.xml.soap-api\1.3.5\javax.xml.soap-api-1.3.5.jar;C:\Users\isaacash\.m2\repository\org\jvnet\mimepull\mimepull\1.9\mimepull-1.9.jar;C:\Users\isaacash\.m2\repository\org\openhab\core\bundles\org.openhab.core.test\2.5.0\org.openhab.core.test-2.5.0.jar;C:\Users\isaacash\.m2\repository\org\openhab\core\bundles\org.openhab.core.test.magic\2.5.0\org.openhab.core.test.magic-2.5.0.jar;C:\Users\isaacash\.m2\repository\org\openhab\core\bundles\org.openhab.core\2.5.0\org.openhab.core-2.5.0.jar;C:\Users\isaacash\.m2\repository\org\openhab\core\bundles\org.openhab.core.boot\2.5.0\org.openhab.core.boot-2.5.0.jar;C:\Users\isaacash\.m2\repository\org\openhab\core\bundles\org.openhab.core.compat1x\2.5.0\org.openhab.core.compat1x-2.5.0.jar;C:\Users\isaacash\.m2\repository\org\openhab\core\bundles\org.openhab.core.karaf\2.5.0\org.openhab.core.karaf-2.5.0.jar;C:\Users\isaacash\.m2\repository\org\openhab\core\bundles\org.openhab.core.thing\2.5.0\org.openhab.core.thing-2.5.0.jar;C:\Users\isaacash\.m2\repository\org\openhab\core\bundles\org.openhab.core.audio\2.5.0\org.openhab.core.audio-2.5.0.jar;C:\Users\isaacash\.m2\repository\org\openhab\core\bundles\org.openhab.core.ephemeris\2.5.0\org.openhab.core.ephemeris-2.5.0.jar;C:\Users\isaacash\.m2\repository\org\openhab\core\bundles\org.openhab.core.voice\2.5.0\org.openhab.core.voice-2.5.0.jar;C:\Users\isaacash\.m2\repository\org\openhab\core\bundles\org.openhab.core.binding.xml\2.5.0\org.openhab.core.binding.xml-2.5.0.jar;C:\Users\isaacash\.m2\repository\org\openhab\core\bundles\org.openhab.core.extension.sample\2.5.0\org.openhab.core.extension.sample-2.5.0.jar;C:\Users\isaacash\.m2\repository\org\openhab\core\bundles\org.openhab.core.id\2.5.0\org.openhab.core.id-2.5.0.jar;C:\Users\isaacash\.m2\repository\org\openhab\core\bundles\org.openhab.core.persistence\2.5.0\org.openhab.core.persistence-2.5.0.jar;C:\Users\isaacash\.m2\repository\org\openhab\core\bundles\org.openhab.core.scheduler\2.5.0\org.openhab.core.scheduler-2.5.0.jar;C:\Users\isaacash\.m2\repository\org\openhab\core\bundles\org.openhab.core.semantics\2.5.0\org.openhab.core.semantics-2.5.0.jar;C:\Users\isaacash\.m2\repository\org\openhab\core\bundles\org.openhab.core.thing.xml\2.5.0\org.openhab.core.thing.xml-2.5.0.jar;C:\Users\isaacash\.m2\repository\org\openhab\core\bundles\org.openhab.core.transform\2.5.0\org.openhab.core.transform-2.5.0.jar;C:\Users\isaacash\.m2\repository\org\openhab\core\bundles\org.openhab.core.auth.jaas\2.5.0\org.openhab.core.auth.jaas-2.5.0.jar;C:\Users\isaacash\.m2\repository\org\openhab\core\bundles\org.openhab.core.auth.oauth2client\2.5.0\org.openhab.core.auth.oauth2client-2.5.0.jar;C:\Users\isaacash\.m2\repository\org\openhab\core\bundles\org.openhab.core.io.net\2.5.0\org.openhab.core.io.net-2.5.0.jar;C:\Users\isaacash\.m2\repository\org\openhab\core\bundles\org.openhab.core.io.bin2json\2.5.0\org.openhab.core.io.bin2json-2.5.0.jar;C:\Users\isaacash\.m2\repository\org\openhab\core\bundles\org.openhab.core.io.console\2.5.0\org.openhab.core.io.console-2.5.0.jar;C:\Users\isaacash\.m2\repository\org\openhab\core\bundles\org.openhab.core.io.http\2.5.0\org.openhab.core.io.http-2.5.0.jar;C:\Users\isaacash\.m2\repository\org\openhab\core\bundles\org.openhab.core.io.rest\2.5.0\org.openhab.core.io.rest-2.5.0.jar;C:\Users\isaacash\.m2\repository\org\openhab\core\bundles\org.openhab.core.io.transport.mdns\2.5.0\org.openhab.core.io.transport.mdns-2.5.0.jar;C:\Users\isaacash\.m2\repository\org\openhab\core\bundles\org.openhab.core.io.transport.serial\2.5.0\org.openhab.core.io.transport.serial-2.5.0.jar;C:\Users\isaacash\.m2\repository\org\openhab\core\bundles\org.openhab.core.io.console.eclipse\2.5.0\org.openhab.core.io.console.eclipse-2.5.0.jar;C:\Users\isaacash\.m2\repository\org\openhab\core\bundles\org.openhab.core.io.console.rfc147\2.5.0\org.openhab.core.io.console.rfc147-2.5.0.jar;C:\Users\isaacash\.m2\repository\org\openhab\core\bundles\org.openhab.core.io.console.karaf\2.5.0\org.openhab.core.io.console.karaf-2.5.0.jar;C:\Users\isaacash\.m2\repository\org\openhab\core\bundles\org.openhab.core.io.http.auth\2.5.0\org.openhab.core.io.http.auth-2.5.0.jar;C:\Users\isaacash\.m2\repository\org\openhab\core\bundles\org.openhab.core.io.http.auth.basic\2.5.0\org.openhab.core.io.http.auth.basic-2.5.0.jar;C:\Users\isaacash\.m2\repository\org\openhab\core\bundles\org.openhab.core.io.monitor\2.5.0\org.openhab.core.io.monitor-2.5.0.jar;C:\Users\isaacash\.m2\repository\org\openhab\core\bundles\org.openhab.core.io.rest.audio\2.5.0\org.openhab.core.io.rest.audio-2.5.0.jar;C:\Users\isaacash\.m2\repository\org\openhab\core\bundles\org.openhab.core.io.rest.auth\2.5.0\org.openhab.core.io.rest.auth-2.5.0.jar;C:\Users\isaacash\.m2\repository\org\openhab\core\bundles\org.openhab.core.io.rest.core\2.5.0\org.openhab.core.io.rest.core-2.5.0.jar;C:\Users\isaacash\.m2\repository\org\openhab\core\bundles\org.openhab.core.io.rest.log\2.5.0\org.openhab.core.io.rest.log-2.5.0.jar;C:\Users\isaacash\.m2\repository\org\openhab\core\bundles\org.openhab.core.io.rest.mdns\2.5.0\org.openhab.core.io.rest.mdns-2.5.0.jar;C:\Users\isaacash\.m2\repository\org\openhab\core\bundles\org.openhab.core.io.rest.optimize\2.5.0\org.openhab.core.io.rest.optimize-2.5.0.jar;C:\Users\isaacash\.m2\repository\org\openhab\core\bundles\org.openhab.core.io.rest.sitemap\2.5.0\org.openhab.core.io.rest.sitemap-2.5.0.jar;C:\Users\isaacash\.m2\repository\org\openhab\core\bundles\org.openhab.core.io.rest.sse\2.5.0\org.openhab.core.io.rest.sse-2.5.0.jar;C:\Users\isaacash\.m2\repository\org\openhab\core\bundles\org.openhab.core.io.rest.voice\2.5.0\org.openhab.core.io.rest.voice-2.5.0.jar;C:\Users\isaacash\.m2\repository\org\openhab\core\bundles\org.openhab.core.io.transport.dbus\2.5.0\org.openhab.core.io.transport.dbus-2.5.0.jar;C:\Users\isaacash\.m2\repository\org\openhab\core\bundles\org.openhab.core.io.transport.mqtt\2.5.0\org.openhab.core.io.transport.mqtt-2.5.0.jar;C:\Users\isaacash\.m2\repository\org\openhab\core\bundles\org.openhab.core.io.transport.serial.javacomm\2.5.0\org.openhab.core.io.transport.serial.javacomm-2.5.0.jar;C:\Users\isaacash\.m2\repository\org\openhab\core\bundles\org.openhab.core.io.transport.serial.rxtx\2.5.0\org.openhab.core.io.transport.serial.rxtx-2.5.0.jar;C:\Users\isaacash\.m2\repository\org\openhab\core\bundles\org.openhab.core.io.transport.serial.rxtx.rfc2217\2.5.0\org.openhab.core.io.transport.serial.rxtx.rfc2217-2.5.0.jar;C:\Users\isaacash\.m2\repository\org\openhab\core\bundles\org.openhab.core.io.transport.upnp\2.5.0\org.openhab.core.io.transport.upnp-2.5.0.jar;C:\Users\isaacash\.m2\repository\org\openhab\core\bundles\org.openhab.core.io.jetty.certificate\2.5.0\org.openhab.core.io.jetty.certificate-2.5.0.jar;C:\Users\isaacash\.m2\repository\org\bouncycastle\bcpkix-jdk15on\1.52\bcpkix-jdk15on-1.52.jar;C:\Users\isaacash\.m2\repository\org\bouncycastle\bcprov-jdk15on\1.52\bcprov-jdk15on-1.52.jar;C:\Users\isaacash\.m2\repository\org\openhab\core\bundles\org.openhab.core.config.core\2.5.0\org.openhab.core.config.core-2.5.0.jar;C:\Users\isaacash\.m2\repository\org\openhab\core\bundles\org.openhab.core.config.discovery\2.5.0\org.openhab.core.config.discovery-2.5.0.jar;C:\Users\isaacash\.m2\repository\org\openhab\core\bundles\org.openhab.core.config.discovery.mdns\2.5.0\org.openhab.core.config.discovery.mdns-2.5.0.jar;C:\Users\isaacash\.m2\repository\org\openhab\core\bundles\org.openhab.core.config.discovery.usbserial\2.5.0\org.openhab.core.config.discovery.usbserial-2.5.0.jar;C:\Users\isaacash\.m2\repository\org\openhab\core\bundles\org.openhab.core.config.discovery.usbserial.linuxsysfs\2.5.0\org.openhab.core.config.discovery.usbserial.linuxsysfs-2.5.0.jar;C:\Users\isaacash\.m2\repository\org\openhab\core\bundles\org.openhab.core.config.discovery.upnp\2.5.0\org.openhab.core.config.discovery.upnp-2.5.0.jar;C:\Users\isaacash\.m2\repository\org\openhab\core\bundles\org.openhab.core.config.dispatch\2.5.0\org.openhab.core.config.dispatch-2.5.0.jar;C:\Users\isaacash\.m2\repository\org\openhab\core\bundles\org.openhab.core.config.serial\2.5.0\org.openhab.core.config.serial-2.5.0.jar;C:\Users\isaacash\.m2\repository\org\openhab\core\bundles\org.openhab.core.config.xml\2.5.0\org.openhab.core.config.xml-2.5.0.jar;C:\Users\isaacash\.m2\repository\org\openhab\core\bundles\org.openhab.core.automation\2.5.0\org.openhab.core.automation-2.5.0.jar;C:\Users\isaacash\.m2\repository\org\openhab\core\bundles\org.openhab.core.automation.module.script\2.5.0\org.openhab.core.automation.module.script-2.5.0.jar;C:\Users\isaacash\.m2\repository\org\openhab\core\bundles\org.openhab.core.automation.module.media\2.5.0\org.openhab.core.automation.module.media-2.5.0.jar;C:\Users\isaacash\.m2\repository\org\openhab\core\bundles\org.openhab.core.automation.module.script.rulesupport\2.5.0\org.openhab.core.automation.module.script.rulesupport-2.5.0.jar;C:\Users\isaacash\.m2\repository\org\openhab\core\bundles\org.openhab.core.automation.rest\2.5.0\org.openhab.core.automation.rest-2.5.0.jar;C:\Users\isaacash\.m2\repository\org\openhab\core\bundles\org.openhab.core.model.core\2.5.0\org.openhab.core.model.core-2.5.0.jar;C:\Users\isaacash\.m2\repository\org\openhab\core\bundles\org.openhab.core.model.sitemap\2.5.0\org.openhab.core.model.sitemap-2.5.0.jar;C:\Users\isaacash\.m2\repository\org\openhab\core\bundles\org.openhab.core.model.item\2.5.0\org.openhab.core.model.item-2.5.0.jar;C:\Users\isaacash\.m2\repository\org\openhab\core\bundles\org.openhab.core.model.item.ide\2.5.0\org.openhab.core.model.item.ide-2.5.0.jar;C:\Users\isaacash\.m2\repository\org\openhab\core\bundles\org.openhab.core.model.item.runtime\2.5.0\org.openhab.core.model.item.runtime-2.5.0.jar;C:\Users\isaacash\.m2\repository\org\openhab\core\bundles\org.openhab.core.model.persistence\2.5.0\org.openhab.core.model.persistence-2.5.0.jar;C:\Users\isaacash\.m2\repository\org\openhab\core\bundles\org.openhab.core.model.persistence.ide\2.5.0\org.openhab.core.model.persistence.ide-2.5.0.jar;C:\Users\isaacash\.m2\repository\org\openhab\core\bundles\org.openhab.core.model.script\2.5.0\org.openhab.core.model.script-2.5.0.jar;C:\Users\isaacash\.m2\repository\org\openhab\core\bundles\org.openhab.core.model.rule\2.5.0\org.openhab.core.model.rule-2.5.0.jar;C:\Users\isaacash\.m2\repository\org\openhab\core\bundles\org.openhab.core.model.rule.ide\2.5.0\org.openhab.core.model.rule.ide-2.5.0.jar;C:\Users\isaacash\.m2\repository\org\openhab\core\bundles\org.openhab.core.model.script.ide\2.5.0\org.openhab.core.model.script.ide-2.5.0.jar;C:\Users\isaacash\.m2\repository\org\openhab\core\bundles\org.openhab.core.model.sitemap.ide\2.5.0\org.openhab.core.model.sitemap.ide-2.5.0.jar;C:\Users\isaacash\.m2\repository\org\openhab\core\bundles\org.openhab.core.model.thing\2.5.0\org.openhab.core.model.thing-2.5.0.jar;C:\Users\isaacash\.m2\repository\org\openhab\core\bundles\org.openhab.core.model.thing.ide\2.5.0\org.openhab.core.model.thing.ide-2.5.0.jar;C:\Users\isaacash\.m2\repository\org\openhab\core\bundles\org.openhab.core.model.lsp\2.5.0\org.openhab.core.model.lsp-2.5.0.jar;C:\Users\isaacash\.m2\repository\org\openhab\core\bundles\org.openhab.core.model.persistence.runtime\2.5.0\org.openhab.core.model.persistence.runtime-2.5.0.jar;C:\Users\isaacash\.m2\repository\org\openhab\core\bundles\org.openhab.core.model.rule.runtime\2.5.0\org.openhab.core.model.rule.runtime-2.5.0.jar;C:\Users\isaacash\.m2\repository\org\openhab\core\bundles\org.openhab.core.model.script.runtime\2.5.0\org.openhab.core.model.script.runtime-2.5.0.jar;C:\Users\isaacash\.m2\repository\org\openhab\core\bundles\org.openhab.core.model.sitemap.runtime\2.5.0\org.openhab.core.model.sitemap.runtime-2.5.0.jar;C:\Users\isaacash\.m2\repository\org\openhab\core\bundles\org.openhab.core.model.thing.runtime\2.5.0\org.openhab.core.model.thing.runtime-2.5.0.jar;C:\Users\isaacash\.m2\repository\org\openhab\core\bundles\org.openhab.core.ui\2.5.0\org.openhab.core.ui-2.5.0.jar;C:\Users\isaacash\.m2\repository\org\knowm\xchart\xchart\2.6.1\xchart-2.6.1.jar;C:\Users\isaacash\.m2\repository\de\erichseifert\vectorgraphics2d\VectorGraphics2D\0.9.3\VectorGraphics2D-0.9.3.jar;C:\Users\isaacash\.m2\repository\org\openhab\core\bundles\org.openhab.core.ui.icon\2.5.0\org.openhab.core.ui.icon-2.5.0.jar;C:\Users\isaacash\.m2\repository\org\openhab\core\bundles\org.openhab.core.storage.json\2.5.0\org.openhab.core.storage.json-2.5.0.jar;C:\Users\isaacash\.m2\repository\org\openhab\core\bundles\org.openhab.core.storage.mapdb\2.5.0\org.openhab.core.storage.mapdb-2.5.0.jar;C:\Users\isaacash\.m2\repository\junit\junit\4.12\junit-4.12.jar;C:\Users\isaacash\.m2\repository\org\hamcrest\hamcrest-core\1.3\hamcrest-core-1.3.jar;C:\Users\isaacash\.m2\repository\org\osgi\osgi.enroute.hamcrest.wrapper\1.3.0\osgi.enroute.hamcrest.wrapper-1.3.0.jar;C:\Users\isaacash\.m2\repository\org\mockito\mockito-core\3.1.0\mockito-core-3.1.0.jar;C:\Users\isaacash\.m2\repository\net\bytebuddy\byte-buddy\1.9.10\byte-buddy-1.9.10.jar;C:\Users\isaacash\.m2\repository\net\bytebuddy\byte-buddy-agent\1.9.10\byte-buddy-agent-1.9.10.jar;C:\Users\isaacash\.m2\repository\org\objenesis\objenesis\2.6\objenesis-2.6.jar;C:\Users\isaacash\.m2\repository\org\slf4j\slf4j-simple\1.7.21\slf4j-simple-1.7.21.jar;C:\Users\isaacash\.m2\repository\com\jayway\jsonpath\json-path\2.4.0\json-path-2.4.0.jar;C:\Users\isaacash\.m2\repository\net\minidev\json-smart\2.3\json-smart-2.3.jar;C:\Users\isaacash\.m2\repository\net\minidev\accessors-smart\1.2\accessors-smart-1.2.jar;C:\Users\isaacash\.m2\repository\org\ow2\asm\asm\5.0.4\asm-5.0.4.jar;"/>
    <property name="sun.cpu.endian" value="little"/>
    <property name="user.home" value="C:\Users\isaacash"/>
    <property name="user.language" value="en"/>
    <property name="java.specification.vendor" value="Oracle Corporation"/>
    <property name="java.home" value="C:\Program Files\Java\jre1.8.0_60"/>
    <property name="basedir" value="C:\Users\isaacash\Documents\personal\zwave\org.openhab.binding.zwave"/>
    <property name="file.separator" value="\"/>
    <property name="line.separator" value="&#10;"/>
    <property name="java.vm.specification.vendor" value="Oracle Corporation"/>
    <property name="java.specification.name" value="Java Platform API Specification"/>
    <property name="java.awt.graphicsenv" value="sun.awt.Win32GraphicsEnvironment"/>
    <property name="surefire.real.class.path" value="C:\Users\isaacash\AppData\Local\Temp\surefire6222181340065416848\surefirebooter6176691093195212675.jar"/>
    <property name="sun.boot.class.path" value="C:\Program Files\Java\jre1.8.0_60\lib\resources.jar;C:\Program Files\Java\jre1.8.0_60\lib\rt.jar;C:\Program Files\Java\jre1.8.0_60\lib\sunrsasign.jar;C:\Program Files\Java\jre1.8.0_60\lib\jsse.jar;C:\Program Files\Java\jre1.8.0_60\lib\jce.jar;C:\Program Files\Java\jre1.8.0_60\lib\charsets.jar;C:\Program Files\Java\jre1.8.0_60\lib\jfr.jar;C:\Program Files\Java\jre1.8.0_60\classes"/>
    <property name="user.script" value=""/>
    <property name="sun.management.compiler" value="HotSpot 64-Bit Tiered Compilers"/>
    <property name="java.runtime.version" value="1.8.0_60-b27"/>
    <property name="user.name" value="IsaacAsh"/>
    <property name="path.separator" value=";"/>
    <property name="os.version" value="10.0"/>
    <property name="java.endorsed.dirs" value="C:\Program Files\Java\jre1.8.0_60\lib\endorsed"/>
    <property name="java.runtime.name" value="Java(TM) SE Runtime Environment"/>
    <property name="file.encoding" value="Cp1252"/>
    <property name="java.vm.name" value="Java HotSpot(TM) 64-Bit Server VM"/>
    <property name="localRepository" value="C:\Users\isaacash\.m2\repository"/>
    <property name="java.vendor.url.bug" value="http://bugreport.sun.com/bugreport/"/>
    <property name="java.io.tmpdir" value="C:\Users\isaacash\AppData\Local\Temp\"/>
    <property name="java.version" value="1.8.0_60"/>
    <property name="user.dir" value="C:\Users\isaacash\Documents\personal\zwave\org.openhab.binding.zwave"/>
    <property name="os.arch" value="amd64"/>
    <property name="java.vm.specification.name" value="Java Virtual Machine Specification"/>
    <property name="java.awt.printerjob" value="sun.awt.windows.WPrinterJob"/>
    <property name="sun.os.patch.level" value=""/>
    <property name="java.library.path" value="C:\Program Files\Java\jre1.8.0_60\bin;C:\Windows\Sun\Java\bin;C:\Windows\system32;C:\Windows;C:\Users\isaacash\bin;C:\Program Files\Git\mingw64\bin;C:\Program Files\Git\usr\local\bin;C:\Program Files\Git\usr\bin;C:\Program Files\Git\usr\bin;C:\Program Files\Git\mingw64\bin;C:\Program Files\Git\usr\bin;C:\Users\isaacash\bin;C:\ProgramData\Oracle\Java\javapath;C:\Program Files (x86)\Intel\iCLS Client;C:\Program Files\Intel\iCLS Client;C:\Windows\system32;C:\Windows;C:\Windows\System32\Wbem;C:\Windows\System32\WindowsPowerShell\v1.0;C:\Windows\System32\OpenSSH;C:\Program Files (x86)\Intel\Intel(R) Management Engine Components\DAL;C:\Program Files\Intel\Intel(R) Management Engine Components\DAL;C:\Program Files (x86)\Intel\Intel(R) Management Engine Components\IPT;C:\Program Files\Intel\Intel(R) Management Engine Components\IPT;C:\Program Files\PuTTY;C:\Program Files\Git\cmd;C:\Program Files\apache-maven-3.6.3\bin;C:\Users\isaacash\AppData\Local\Programs\Python\Python37-32\Scripts;C:\Users\isaacash\AppData\Local\Programs\Python\Python37-32;C:\Users\isaacash\AppData\Local\Programs\Python\Launcher;C:\Users\isaacash\AppData\Local\Microsoft\WindowsApps;C:\Users\isaacash\AppData\Local\Programs\Microsoft VS Code\bin;C:\Program Files\apache-maven-3.6.3\bin;C:\Program Files\Git\usr\bin\vendor_perl;C:\Program Files\Git\usr\bin\core_perl;."/>
    <property name="java.vm.info" value="mixed mode"/>
    <property name="java.vendor" value="Oracle Corporation"/>
    <property name="java.vm.version" value="25.60-b23"/>
    <property name="java.ext.dirs" value="C:\Program Files\Java\jre1.8.0_60\lib\ext;C:\Windows\Sun\Java\lib\ext"/>
    <property name="sun.io.unicode.encoding" value="UnicodeLittle"/>
    <property name="java.class.version" value="52.0"/>
  </properties>
  <testcase name="doRequest" classname="org.openhab.binding.zwave.internal.protocol.serialmessage.SetSucNodeMessageClassTest" time="0"/>
</testsuite>